2022-12-11 18:34:38.621 [info] Log level: Info
2022-12-11 18:34:38.621 [info] Validating found git in: "git"
2022-12-11 18:34:38.621 [info] Using git "2.34.1" from "git"
2022-12-11 18:34:38.621 [info] > git rev-parse --show-toplevel [2ms]
2022-12-11 18:34:38.621 [info] fatal: not a git repository (or any parent up to mount point /)
Stopping at filesystem boundary (GIT_DISCOVERY_ACROSS_FILESYSTEM not set).
2022-12-11 18:34:38.621 [info] > git rev-parse --show-toplevel [1ms]
2022-12-11 18:34:38.621 [info] fatal: not a git repository (or any parent up to mount point /)
Stopping at filesystem boundary (GIT_DISCOVERY_ACROSS_FILESYSTEM not set).
2022-12-11 18:34:38.621 [info] > git rev-parse --show-toplevel [17ms]
2022-12-11 18:34:38.621 [info] fatal: not a git repository (or any parent up to mount point /)
Stopping at filesystem boundary (GIT_DISCOVERY_ACROSS_FILESYSTEM not set).
2022-12-11 18:34:38.621 [info] > git rev-parse --show-toplevel [16ms]
2022-12-11 18:34:38.621 [info] fatal: not a git repository (or any parent up to mount point /)
Stopping at filesystem boundary (GIT_DISCOVERY_ACROSS_FILESYSTEM not set).
2022-12-11 18:34:38.626 [info] > git rev-parse --show-toplevel [0ms]
2022-12-11 18:34:38.626 [info] fatal: not a git repository (or any parent up to mount point /)
Stopping at filesystem boundary (GIT_DISCOVERY_ACROSS_FILESYSTEM not set).
2022-12-11 18:34:39.085 [info] > git rev-parse --show-toplevel [1ms]
2022-12-11 18:34:39.085 [info] fatal: not a git repository (or any parent up to mount point /)
Stopping at filesystem boundary (GIT_DISCOVERY_ACROSS_FILESYSTEM not set).
