2022-12-11 19:14:25.490 [info] Log level: Info
2022-12-11 19:14:25.490 [info] Validating found git in: "git"
2022-12-11 19:14:25.490 [info] Using git "2.34.1" from "git"
2022-12-11 19:14:25.490 [info] > git rev-parse --show-toplevel [6ms]
2022-12-11 19:14:25.490 [info] fatal: not a git repository (or any parent up to mount point /)
Stopping at filesystem boundary (GIT_DISCOVERY_ACROSS_FILESYSTEM not set).
2022-12-11 19:14:25.490 [info] > git rev-parse --show-toplevel [69ms]
2022-12-11 19:14:25.490 [info] fatal: not a git repository (or any parent up to mount point /)
Stopping at filesystem boundary (GIT_DISCOVERY_ACROSS_FILESYSTEM not set).
2022-12-11 19:14:25.491 [info] > git rev-parse --show-toplevel [2ms]
2022-12-11 19:14:25.491 [info] fatal: not a git repository (or any parent up to mount point /)
Stopping at filesystem boundary (GIT_DISCOVERY_ACROSS_FILESYSTEM not set).
2022-12-11 19:14:25.506 [info] > git rev-parse --show-toplevel [10ms]
2022-12-11 19:14:25.506 [info] fatal: not a git repository (or any parent up to mount point /)
Stopping at filesystem boundary (GIT_DISCOVERY_ACROSS_FILESYSTEM not set).
2022-12-11 19:14:25.511 [info] > git rev-parse --show-toplevel [1ms]
2022-12-11 19:14:25.511 [info] fatal: not a git repository (or any parent up to mount point /)
Stopping at filesystem boundary (GIT_DISCOVERY_ACROSS_FILESYSTEM not set).
2022-12-11 19:14:25.961 [info] > git rev-parse --show-toplevel [1ms]
2022-12-11 19:14:25.961 [info] fatal: not a git repository (or any parent up to mount point /)
Stopping at filesystem boundary (GIT_DISCOVERY_ACROSS_FILESYSTEM not set).
