2022-12-11 20:28:17.997 [info] Extension host with pid 12066 started
2022-12-11 20:28:18.043 [info] ExtensionService#_doActivateExtension vscode.microsoft-authentication, startup: false, activationEvent: 'onAuthenticationRequest:microsoft'
2022-12-11 20:28:18.043 [info] ExtensionService#_doActivateExtension vscode.git-base, startup: true, activationEvent: '*', root cause: vscode.git
2022-12-11 20:28:18.043 [info] ExtensionService#_doActivateExtension Catppuccin.catppuccin-vsc, startup: true, activationEvent: '*'
2022-12-11 20:28:18.101 [info] ExtensionService#_doActivateExtension vscode.git, startup: true, activationEvent: '*'
2022-12-11 20:28:18.101 [info] ExtensionService#_doActivateExtension vscode.github, startup: true, activationEvent: '*'
2022-12-11 20:28:18.159 [info] Eager extensions activated
2022-12-11 20:28:18.170 [info] ExtensionService#_doActivateExtension vscode.github-authentication, startup: false, activationEvent: 'onAuthenticationRequest:github'
2022-12-11 20:28:18.170 [info] ExtensionService#_doActivateExtension vscode.debug-auto-launch, startup: false, activationEvent: 'onStartupFinished'
2022-12-11 20:28:18.170 [info] ExtensionService#_doActivateExtension vscode.emmet, startup: false, activationEvent: 'onStartupFinished'
2022-12-11 20:28:18.170 [info] ExtensionService#_doActivateExtension vscode.merge-conflict, startup: false, activationEvent: 'onStartupFinished'
2022-12-11 20:28:18.171 [info] ExtensionService#_doActivateExtension glelesius.build-and-run, startup: false, activationEvent: 'onStartupFinished'
2022-12-11 20:42:44.018 [info] Extension host terminating: received terminate message from renderer
2022-12-11 20:42:44.026 [info] Extension host with pid 12066 exiting with code 0
2022-12-11 20:42:45.077 [info] Extension host with pid 18356 started
2022-12-11 20:42:45.078 [info] Skipping acquiring lock for /home/zekiukas/.config/Code/User/workspaceStorage/646f3da2122b96a0758cf3898abf0f8b.
2022-12-11 20:42:45.164 [info] ExtensionService#_doActivateExtension vscode.microsoft-authentication, startup: false, activationEvent: 'onAuthenticationRequest:microsoft'
2022-12-11 20:42:45.165 [info] ExtensionService#_doActivateExtension vscode.git-base, startup: true, activationEvent: '*', root cause: vscode.git
2022-12-11 20:42:45.165 [info] ExtensionService#_doActivateExtension Catppuccin.catppuccin-vsc, startup: true, activationEvent: '*'
2022-12-11 20:42:45.484 [info] ExtensionService#_doActivateExtension vscode.git, startup: true, activationEvent: '*'
2022-12-11 20:42:45.484 [info] ExtensionService#_doActivateExtension vscode.github, startup: true, activationEvent: '*'
2022-12-11 20:42:45.561 [info] Eager extensions activated
2022-12-11 20:42:45.578 [info] ExtensionService#_doActivateExtension vscode.debug-auto-launch, startup: false, activationEvent: 'onStartupFinished'
2022-12-11 20:42:45.579 [info] ExtensionService#_doActivateExtension vscode.emmet, startup: false, activationEvent: 'onStartupFinished'
2022-12-11 20:42:45.579 [info] ExtensionService#_doActivateExtension vscode.merge-conflict, startup: false, activationEvent: 'onStartupFinished'
2022-12-11 20:42:45.579 [info] ExtensionService#_doActivateExtension glelesius.build-and-run, startup: false, activationEvent: 'onStartupFinished'
2022-12-11 20:42:45.600 [info] ExtensionService#_doActivateExtension vscode.github-authentication, startup: false, activationEvent: 'onAuthenticationRequest:github'
