2022-12-11 18:38:45.194 [info] Log level: Info
2022-12-11 18:38:45.194 [info] Validating found git in: "git"
2022-12-11 18:38:45.194 [info] Using git "2.34.1" from "git"
2022-12-11 18:38:45.194 [info] > git rev-parse --show-toplevel [2ms]
2022-12-11 18:38:45.194 [info] fatal: not a git repository (or any parent up to mount point /)
Stopping at filesystem boundary (GIT_DISCOVERY_ACROSS_FILESYSTEM not set).
2022-12-11 18:38:45.194 [info] > git rev-parse --show-toplevel [1ms]
2022-12-11 18:38:45.194 [info] fatal: not a git repository (or any parent up to mount point /)
Stopping at filesystem boundary (GIT_DISCOVERY_ACROSS_FILESYSTEM not set).
2022-12-11 18:38:45.195 [info] > git rev-parse --show-toplevel [19ms]
2022-12-11 18:38:45.195 [info] fatal: not a git repository (or any parent up to mount point /)
Stopping at filesystem boundary (GIT_DISCOVERY_ACROSS_FILESYSTEM not set).
2022-12-11 18:38:45.217 [info] > git rev-parse --show-toplevel [17ms]
2022-12-11 18:38:45.217 [info] fatal: not a git repository (or any parent up to mount point /)
Stopping at filesystem boundary (GIT_DISCOVERY_ACROSS_FILESYSTEM not set).
2022-12-11 18:38:45.224 [info] > git rev-parse --show-toplevel [2ms]
2022-12-11 18:38:45.224 [info] fatal: not a git repository (or any parent up to mount point /)
Stopping at filesystem boundary (GIT_DISCOVERY_ACROSS_FILESYSTEM not set).
2022-12-11 18:38:45.231 [info] > git rev-parse --show-toplevel [1ms]
2022-12-11 18:38:45.231 [info] fatal: not a git repository (or any parent up to mount point /)
Stopping at filesystem boundary (GIT_DISCOVERY_ACROSS_FILESYSTEM not set).
2022-12-11 18:38:45.677 [info] > git rev-parse --show-toplevel [1ms]
2022-12-11 18:38:45.677 [info] fatal: not a git repository (or any parent up to mount point /)
Stopping at filesystem boundary (GIT_DISCOVERY_ACROSS_FILESYSTEM not set).
