2022-12-11 18:31:20.289 [info] Log level: Info
2022-12-11 18:31:20.289 [info] Validating found git in: "git"
2022-12-11 18:31:20.289 [info] Using git "2.34.1" from "git"
2022-12-11 18:31:20.289 [info] > git rev-parse --show-toplevel [2ms]
2022-12-11 18:31:20.289 [info] fatal: not a git repository (or any parent up to mount point /)
Stopping at filesystem boundary (GIT_DISCOVERY_ACROSS_FILESYSTEM not set).
2022-12-11 18:31:20.290 [info] > git rev-parse --show-toplevel [15ms]
2022-12-11 18:31:20.290 [info] fatal: not a git repository (or any parent up to mount point /)
Stopping at filesystem boundary (GIT_DISCOVERY_ACROSS_FILESYSTEM not set).
2022-12-11 18:31:20.295 [info] > git rev-parse --show-toplevel [1ms]
2022-12-11 18:31:20.295 [info] fatal: not a git repository (or any parent up to mount point /)
Stopping at filesystem boundary (GIT_DISCOVERY_ACROSS_FILESYSTEM not set).
2022-12-11 18:31:20.317 [info] > git rev-parse --show-toplevel [17ms]
2022-12-11 18:31:20.317 [info] fatal: not a git repository (or any parent up to mount point /)
Stopping at filesystem boundary (GIT_DISCOVERY_ACROSS_FILESYSTEM not set).
2022-12-11 18:31:20.322 [info] > git rev-parse --show-toplevel [1ms]
2022-12-11 18:31:20.322 [info] fatal: not a git repository (or any parent up to mount point /)
Stopping at filesystem boundary (GIT_DISCOVERY_ACROSS_FILESYSTEM not set).
2022-12-11 18:31:20.723 [info] > git rev-parse --show-toplevel [1ms]
2022-12-11 18:31:20.723 [info] fatal: not a git repository (or any parent up to mount point /)
Stopping at filesystem boundary (GIT_DISCOVERY_ACROSS_FILESYSTEM not set).
