2022-12-11 20:28:18.191 [info] Log level: Info
2022-12-11 20:28:18.191 [info] Validating found git in: "git"
2022-12-11 20:28:18.191 [info] Using git "2.34.1" from "git"
2022-12-11 20:42:45.611 [info] Log level: Info
2022-12-11 20:42:45.611 [info] Validating found git in: "git"
2022-12-11 20:42:45.611 [info] Using git "2.34.1" from "git"
2022-12-11 20:42:45.611 [info] > git rev-parse --show-toplevel [3ms]
2022-12-11 20:42:45.612 [info] fatal: not a git repository (or any parent up to mount point /)
Stopping at filesystem boundary (GIT_DISCOVERY_ACROSS_FILESYSTEM not set).
2022-12-11 20:42:45.612 [info] > git rev-parse --show-toplevel [38ms]
2022-12-11 20:42:45.612 [info] fatal: not a git repository (or any parent up to mount point /)
Stopping at filesystem boundary (GIT_DISCOVERY_ACROSS_FILESYSTEM not set).
2022-12-11 20:42:45.643 [info] > git rev-parse --show-toplevel [24ms]
2022-12-11 20:42:45.643 [info] fatal: not a git repository (or any parent up to mount point /)
Stopping at filesystem boundary (GIT_DISCOVERY_ACROSS_FILESYSTEM not set).
2022-12-11 20:42:45.651 [info] > git rev-parse --show-toplevel [2ms]
2022-12-11 20:42:45.651 [info] fatal: not a git repository (or any parent up to mount point /)
Stopping at filesystem boundary (GIT_DISCOVERY_ACROSS_FILESYSTEM not set).
2022-12-11 20:42:45.657 [info] > git rev-parse --show-toplevel [1ms]
2022-12-11 20:42:45.657 [info] fatal: not a git repository (or any parent up to mount point /)
Stopping at filesystem boundary (GIT_DISCOVERY_ACROSS_FILESYSTEM not set).
2022-12-11 20:42:45.663 [info] > git rev-parse --show-toplevel [2ms]
2022-12-11 20:42:45.663 [info] fatal: not a git repository (or any parent up to mount point /)
Stopping at filesystem boundary (GIT_DISCOVERY_ACROSS_FILESYSTEM not set).
