2022-12-11 20:17:04.676 [info] Log level: Info
2022-12-11 20:17:04.676 [info] Validating found git in: "git"
2022-12-11 20:17:04.676 [info] Using git "2.34.1" from "git"
2022-12-11 20:17:04.676 [info] > git rev-parse --show-toplevel [3ms]
2022-12-11 20:17:04.676 [info] fatal: not a git repository (or any parent up to mount point /)
Stopping at filesystem boundary (GIT_DISCOVERY_ACROSS_FILESYSTEM not set).
2022-12-11 20:17:04.677 [info] > git rev-parse --show-toplevel [42ms]
2022-12-11 20:17:04.677 [info] fatal: not a git repository (or any parent up to mount point /)
Stopping at filesystem boundary (GIT_DISCOVERY_ACROSS_FILESYSTEM not set).
2022-12-11 20:17:04.691 [info] > git rev-parse --show-toplevel [10ms]
2022-12-11 20:17:04.691 [info] fatal: not a git repository (or any parent up to mount point /)
Stopping at filesystem boundary (GIT_DISCOVERY_ACROSS_FILESYSTEM not set).
2022-12-11 20:17:04.699 [info] > git rev-parse --show-toplevel [2ms]
2022-12-11 20:17:04.699 [info] fatal: not a git repository (or any parent up to mount point /)
Stopping at filesystem boundary (GIT_DISCOVERY_ACROSS_FILESYSTEM not set).
2022-12-11 20:17:04.705 [info] > git rev-parse --show-toplevel [1ms]
2022-12-11 20:17:04.705 [info] fatal: not a git repository (or any parent up to mount point /)
Stopping at filesystem boundary (GIT_DISCOVERY_ACROSS_FILESYSTEM not set).
2022-12-11 20:17:05.241 [info] > git rev-parse --show-toplevel [1ms]
2022-12-11 20:17:05.241 [info] fatal: not a git repository (or any parent up to mount point /)
Stopping at filesystem boundary (GIT_DISCOVERY_ACROSS_FILESYSTEM not set).
